#
# There is insufficient memory for the Java Runtime Environment to continue.
# Native memory allocation (mmap) failed to map 65011712 bytes for Failed to commit area from 0x00000000c2200000 to 0x00000000c6000000 of length 65011712.
# Possible reasons:
#   The system is out of physical RAM or swap space
#   The process is running with CompressedOops enabled, and the Java Heap may be blocking the growth of the native heap
# Possible solutions:
#   Reduce memory load on the system
#   Increase physical memory or swap space
#   Check if swap backing store is full
#   Decrease Java heap size (-Xmx/-Xms)
#   Decrease number of Java threads
#   Decrease Java thread stack sizes (-Xss)
#   Set larger code cache with -XX:ReservedCodeCacheSize=
# This output file may be truncated or incomplete.
#
#  Out of Memory Error (./src/hotspot/os/windows/os_windows.cpp:3303), pid=20116, tid=10976
#
# JRE version:  (11.0.7+10) (build )
# Java VM: OpenJDK 64-Bit Server VM (11.0.7+10-LTS, mixed mode, sharing, tiered, compressed oops, g1 gc, windows-amd64)
# No core dump will be written. Minidumps are not enabled by default on client versions of Windows
#

---------------  S U M M A R Y ------------

Command Line: reserve_factory.movieClient

Host: Intel(R) Core(TM) i3-7100U CPU @ 2.40GHz, 4 cores, 3G,  Windows 10 , 64 bit Build 18362 (10.0.18362.778)
Time: Tue Jun  9 23:42:55 2020 ´eCN¹I±¹ C￥AØ½A elapsed time: 0 seconds (0d 0h 0m 0s)

---------------  T H R E A D  ---------------

Current thread (0x000001d07039a800):  JavaThread "Unknown thread" [_thread_in_vm, id=10976, stack(0x0000009102600000,0x0000009102700000)]

Stack: [0x0000009102600000,0x0000009102700000]
Native frames: (J=compiled Java code, j=interpreted, Vv=VM code, C=native code)
V  [jvm.dll+0x5e100a]
V  [jvm.dll+0x7195ce]
V  [jvm.dll+0x71ac9f]
V  [jvm.dll+0x71b363]
V  [jvm.dll+0x240518]
V  [jvm.dll+0x5de2ca]
V  [jvm.dll+0x5d2fb5]
V  [jvm.dll+0x2f680c]
V  [jvm.dll+0x2f6692]
V  [jvm.dll+0x2fb346]
V  [jvm.dll+0x33f5ff]
V  [jvm.dll+0x33f030]
V  [jvm.dll+0x2d34c8]
V  [jvm.dll+0x2d4616]
V  [jvm.dll+0x6f5247]
V  [jvm.dll+0x6f69d1]
V  [jvm.dll+0x34c389]
V  [jvm.dll+0x6d86f0]
V  [jvm.dll+0x3b4e0f]
V  [jvm.dll+0x3b70c1]
C  [jli.dll+0x51fb]
C  [ucrtbase.dll+0x20e82]
C  [KERNEL32.DLL+0x17bd4]
C  [ntdll.dll+0x6ce51]


---------------  P R O C E S S  ---------------

Threads class SMR info:
_java_thread_list=0x000001d06e2b5fe0, length=0, elements={
}

Java Threads: ( => current thread )

Other Threads:
  0x000001d0703b3800 GCTaskThread "GC Thread#0" [stack: 0x0000009102700000,0x0000009102800000] [id=6312]
  0x000001d0703d0000 ConcurrentGCThread "G1 Main Marker" [stack: 0x0000009102800000,0x0000009102900000] [id=17844]
  0x000001d0703d1800 ConcurrentGCThread "G1 Conc#0" [stack: 0x0000009102900000,0x0000009102a00000] [id=3332]

[error occurred during error reporting (printing all threads), id 0xc0000005, EXCEPTION_ACCESS_VIOLATION (0xc0000005) at pc=0x00007fffe00f3147]

VM state:not at safepoint (not fully initialized)

VM Mutex/Monitor currently owned by a thread:  ([mutex/lock_event])
[0x000001d070398c50] Heap_lock - owner thread: 0x000001d07039a800

Heap address: 0x00000000c2200000, size: 990 MB, Compressed Oops mode: Non-zero based: 0x00000000c2200000
Narrow klass base: 0x0000000000000000, Narrow klass shift: 0

GC Heap History (0 events):
No events

Deoptimization events (0 events):
No events

Classes redefined (0 events):
No events

Internal exceptions (0 events):
No events

Events (2 events):
Event: 0.019 Loaded shared library C:\Program Files\Zulu\zulu-11\bin\zip.dll
Event: 0.020 Loaded shared library C:\Program Files\Zulu\zulu-11\bin\jimage.dll


Dynamic libraries:
0x00007ff756240000 - 0x00007ff75624d000 	C:\Program Files\Zulu\zulu-11\bin\java.exe
0x00007ff8373e0000 - 0x00007ff8375d0000 	C:\WINDOWS\SYSTEM32\ntdll.dll
0x00007ff835a90000 - 0x00007ff835b42000 	C:\WINDOWS\System32\KERNEL32.DLL
0x00007ff8344c0000 - 0x00007ff834764000 	C:\WINDOWS\System32\KERNELBASE.dll
0x00007ff834370000 - 0x00007ff83446a000 	C:\WINDOWS\System32\ucrtbase.dll
0x00007ff82e460000 - 0x00007ff82e475000 	C:\Program Files\Zulu\zulu-11\bin\VCRUNTIME140.dll
0x00007ff82e7f0000 - 0x00007ff82e807000 	C:\Program Files\Zulu\zulu-11\bin\jli.dll
0x00007ff836980000 - 0x00007ff836b14000 	C:\WINDOWS\System32\USER32.dll
0x00007ff834490000 - 0x00007ff8344b1000 	C:\WINDOWS\System32\win32u.dll
0x00007ff837200000 - 0x00007ff837226000 	C:\WINDOWS\System32\GDI32.dll
0x00007ff828520000 - 0x00007ff8287a4000 	C:\WINDOWS\WinSxS\amd64_microsoft.windows.common-controls_6595b64144ccf1df_6.0.18362.836_none_e6c4b943130f18ed\COMCTL32.dll
0x00007ff834770000 - 0x00007ff834904000 	C:\WINDOWS\System32\gdi32full.dll
0x00007ff835bb0000 - 0x00007ff835c4e000 	C:\WINDOWS\System32\msvcrt.dll
0x00007ff8350c0000 - 0x00007ff83515e000 	C:\WINDOWS\System32\msvcp_win.dll
0x00007ff835540000 - 0x00007ff835876000 	C:\WINDOWS\System32\combase.dll
0x00007ff836f80000 - 0x00007ff8370a0000 	C:\WINDOWS\System32\RPCRT4.dll
0x00007ff835410000 - 0x00007ff835490000 	C:\WINDOWS\System32\bcryptPrimitives.dll
0x00007ff837230000 - 0x00007ff83725e000 	C:\WINDOWS\System32\IMM32.DLL
0x00007ffff9210000 - 0x00007ffff92ab000 	C:\Program Files\Zulu\zulu-11\bin\msvcp140.dll
0x00007fffdfe10000 - 0x00007fffe08d0000 	C:\Program Files\Zulu\zulu-11\bin\server\jvm.dll
0x00007ff8370a0000 - 0x00007ff837143000 	C:\WINDOWS\System32\ADVAPI32.dll
0x00007ff835950000 - 0x00007ff8359e7000 	C:\WINDOWS\System32\sechost.dll
0x00007ff836dc0000 - 0x00007ff836dc8000 	C:\WINDOWS\System32\PSAPI.DLL
0x00007ff828e40000 - 0x00007ff828e49000 	C:\WINDOWS\SYSTEM32\WSOCK32.dll
0x00007ff835d20000 - 0x00007ff835d8f000 	C:\WINDOWS\System32\WS2_32.dll
0x00007ff82c290000 - 0x00007ff82c2b4000 	C:\WINDOWS\SYSTEM32\WINMM.dll
0x00007ff82c2c0000 - 0x00007ff82c2ca000 	C:\WINDOWS\SYSTEM32\VERSION.dll
0x00007ff82bfc0000 - 0x00007ff82bfed000 	C:\WINDOWS\SYSTEM32\WINMMBASE.dll
0x00007ff8351c0000 - 0x00007ff83520a000 	C:\WINDOWS\System32\cfgmgr32.dll
0x00007ff8342b0000 - 0x00007ff8342c1000 	C:\WINDOWS\System32\kernel.appcore.dll
0x00007ff82fac0000 - 0x00007ff82fad0000 	C:\Program Files\Zulu\zulu-11\bin\verify.dll
0x00007ff832bc0000 - 0x00007ff832db4000 	C:\WINDOWS\SYSTEM32\DBGHELP.DLL
0x00007ff828140000 - 0x00007ff82816a000 	C:\WINDOWS\SYSTEM32\dbgcore.DLL
0x00007ff82e0d0000 - 0x00007ff82e0f8000 	C:\Program Files\Zulu\zulu-11\bin\java.dll
0x00007ff82d3c0000 - 0x00007ff82d3d6000 	C:\Program Files\Zulu\zulu-11\bin\zip.dll
0x00007ff82f590000 - 0x00007ff82f59a000 	C:\Program Files\Zulu\zulu-11\bin\jimage.dll

dbghelp: loaded successfully - version: 4.0.5 - missing functions: none
symbol engine: initialized successfully - sym options: 0x614 - pdb path: .;C:\Program Files\Zulu\zulu-11\bin;C:\WINDOWS\SYSTEM32;C:\WINDOWS\WinSxS\amd64_microsoft.windows.common-controls_6595b64144ccf1df_6.0.18362.836_none_e6c4b943130f18ed;C:\Program Files\Zulu\zulu-11\bin\server

VM Arguments:
java_command: reserve_factory.movieClient
java_class_path (initial): C:\Users\강수나\Documents\NetBeansProjects\TeamProject\TeamProject\target\classes;C:\Users\강수나\.m2\repository\mysql\mysql-connector-java\8.0.20\mysql-connector-java-8.0.20.jar;C:\Users\강수나\.m2\repository\com\google\protobuf\protobuf-java\3.6.1\protobuf-java-3.6.1.jar
Launcher Type: SUN_STANDARD

[Global flags]
     intx CICompilerCount                          = 3                                         {product} {ergonomic}
     uint ConcGCThreads                            = 1                                         {product} {ergonomic}
     uint G1ConcRefinementThreads                  = 4                                         {product} {ergonomic}
   size_t G1HeapRegionSize                         = 1048576                                   {product} {ergonomic}
    uintx GCDrainStackTargetSize                   = 64                                        {product} {ergonomic}
   size_t InitialHeapSize                          = 65011712                                  {product} {ergonomic}
   size_t MarkStackSize                            = 4194304                                   {product} {ergonomic}
   size_t MaxHeapSize                              = 1038090240                                {product} {ergonomic}
   size_t MinHeapDeltaBytes                        = 1048576                                   {product} {ergonomic}
    uintx NonNMethodCodeHeapSize                   = 5830732                                {pd product} {ergonomic}
    uintx NonProfiledCodeHeapSize                  = 122913754                              {pd product} {ergonomic}
    uintx ProfiledCodeHeapSize                     = 122913754                              {pd product} {ergonomic}
    uintx ReservedCodeCacheSize                    = 251658240                              {pd product} {ergonomic}
     bool SegmentedCodeCache                       = true                                      {product} {ergonomic}
     bool UseCompressedClassPointers               = true                                 {lp64_product} {ergonomic}
     bool UseCompressedOops                        = true                                 {lp64_product} {ergonomic}
     bool UseG1GC                                  = true                                      {product} {ergonomic}
     bool UseLargePagesIndividualAllocation        = false                                  {pd product} {ergonomic}

Logging:
Log output configuration:
 #0: stdout all=warning uptime,level,tags
 #1: stderr all=off uptime,level,tags

Environment Variables:
JAVA_HOME=C:\Program Files\Zulu\zulu-11
JRE_HOME=C:\Program Files\Zulu\zulu-11\\jre
CLASSPATH=C:\Program Files\Zulu\zulu-11\\lib
PATH=C:\Program Files (x86)\NetSarang\Xshell 6\;C:\Program Files\Zulu\zulu-11\\bin;C:\Program Files (x86)\Common Files\Oracle\Java\javapath;C:\Program Files (x86)\Intel\Intel(R) Management Engine Components\iCLS\;C:\Program Files\Intel\Intel(R) Management Engine Components\iCLS\;C:\WINDOWS\system32;C:\WINDOWS;C:\WINDOWS\System32\Wbem;C:\WINDOWS\System32\WindowsPowerShell\v1.0\;C:\Program Files (x86)\Intel\Intel(R) Management Engine Components\DAL;C:\Program Files\Intel\Intel(R) Management Engine Components\DAL;C:\Program Files (x86)\Intel\Intel(R) Management Engine Components\IPT;C:\Program Files\Intel\Intel(R) Management Engine Components\IPT;C:\Program Files\Intel\WiFi\bin\;C:\Program Files\Common Files\Intel\WirelessCommon\;C:\Program Files\Java\jdk1.8.0_211\bin;C:\WINDOWS\System32\OpenSSH\;C:\Program Files\dotnet\;C:\Program Files\Microsoft SQL Server\130\Tools\Binn\;C:\Program Files\Zulu\zulu-11\bin\;C:\Program Files\MySQL\MySQL Shell 8.0\bin\;C:\Users\강수나\AppData\Local\Microsoft\WindowsApps;C:\Program Files\Bandizip\;C:\Users\강수나\AppData\Local\atom\bin
USERNAME=강수나
OS=Windows_NT
PROCESSOR_IDENTIFIER=Intel64 Family 6 Model 142 Stepping 9, GenuineIntel



---------------  S Y S T E M  ---------------

OS: Windows 10 , 64 bit Build 18362 (10.0.18362.778)
OS uptime: 4 days 8:34 hours

CPU:total 4 (initial active 4) (2 cores per cpu, 2 threads per core) family 6 model 142 stepping 9, cmov, cx8, fxsr, mmx, sse, sse2, sse3, ssse3, sse4.1, sse4.2, popcnt, avx, avx2, aes, clmul, erms, 3dnowpref, lzcnt, ht, tsc, tscinvbit, bmi1, bmi2, adx, fma

Memory: 4k page, system-wide physical 3955M (164M free)
TotalPageFile size 15792M (AvailPageFile size 48M)
current process WorkingSet (physical memory assigned to process): 10M, peak: 10M
current process commit charge ("private bytes"): 51M, peak: 113M

vm_info: OpenJDK 64-Bit Server VM (11.0.7+10-LTS) for windows-amd64 JRE (Zulu11.39+15-CA) (11.0.7+10-LTS), built on Apr  7 2020 04:43:26 by "zulu_re" with MS VC++ 15.9 (VS2017)

END.
